<?xml version="1.0" encoding="UTF-8"?>
<!-- Generated by org.testng.reporters.JUnitReportReporter -->
<testsuite skipped="0" hostname="DESKTOP-1Q7PT2D" name="Test.TestCase" tests="1" failures="0" timestamp="29 Apr 2019 04:48:34 GMT" time="1.422" errors="0">
  <testcase name="test" time="1.422" classname="Test.TestCase"/>
</testsuite> <!-- Test.TestCase -->
