<?xml version="1.0" encoding="UTF-8"?>
<!-- Generated by org.testng.reporters.JUnitReportReporter -->
<testsuite skipped="0" hostname="DESKTOP-1Q7PT2D" name="Test.TestCase" tests="1" failures="0" timestamp="18 Apr 2019 04:24:13 GMT" time="2.184" errors="0">
  <testcase name="test" time="2.184" classname="Test.TestCase"/>
</testsuite> <!-- Test.TestCase -->
